0 info it worked if it ends with ok
1 verbose cli [ 'C:\\Program Files\\nodejs\\node.exe',
1 verbose cli   'C:\\Program Files\\nodejs\\node_modules\\npm\\bin\\npm-cli.js',
1 verbose cli   'start' ]
2 info using npm@3.10.10
3 info using node@v6.11.3
4 verbose run-script [ 'prestart', 'start', 'poststart' ]
5 info lifecycle server@0.4.0~prestart: server@0.4.0
6 silly lifecycle server@0.4.0~prestart: no script for prestart, continuing
7 info lifecycle server@0.4.0~start: server@0.4.0
8 verbose lifecycle server@0.4.0~start: unsafe-perm in lifecycle true
9 verbose lifecycle server@0.4.0~start: PATH: C:\Program Files\nodejs\node_modules\npm\bin\node-gyp-bin;C:\Users\Leona\Desktop\universidade\6ºSemestre\PS\GitHub\Projecto\LI61D-LI61N-G7\electron\resources\server\node_modules\.bin;C:\ProgramData\Oracle\Java\javapath;C:\Windows\system32;C:\Windows;C:\Windows\System32\Wbem;C:\Windows\System32\WindowsPowerShell\v1.0\;C:\Program Files (x86)\NVIDIA Corporation\PhysX\Common;E:\Matlab\bin;C:\Program Files (x86)\logis\bin;C:\Program Files (x86)\sbt\\bin;C:\Program Files\Microsoft SQL Server\Client SDK\ODBC\130\Tools\Binn\;C:\Program Files (x86)\Microsoft SQL Server\130\Tools\Binn\;C:\Program Files\Microsoft SQL Server\130\Tools\Binn\;C:\Program Files\Microsoft SQL Server\130\DTS\Binn\;C:\Program Files (x86)\Microsoft SQL Server\Client SDK\ODBC\130\Tools\Binn\;C:\Program Files (x86)\Microsoft SQL Server\130\DTS\Binn\;C:\Program Files (x86)\Microsoft SQL Server\130\Tools\Binn\ManagementStudio\;C:\Program Files\Git\cmd;C:\WINDOWS\system32\config\systemprofile\.dnx\bin;C:\Program Files\Microsoft DNX\Dnvm\;C:\Program Files (x86)\Windows Kits\8.1\Windows Performance Toolkit\;C:\Program Files (x86)\Skype\Phone\;C:\WINDOWS\system32;C:\WINDOWS;C:\WINDOWS\System32\Wbem;C:\WINDOWS\System32\WindowsPowerShell\v1.0\;C:\Program Files\nodejs\;C:\Users\Leona\Desktop\universidade\5ºSemestre\SI\OpenSSL\openssl-0.9.8r-i386-win32-rev2;C:\WINDOWS\System32\OpenSSH\;C:\tools\google-cloud-sdk\bin;C:\Users\Leona\AppData\Local\Microsoft\WindowsApps;C:\Program Files\Heroku\bin;C:\Users\Leona\AppData\Roaming\npm;C:\Program Files\Microsoft VS Code\bin;C:\Users\Leona\AppData\Local\Programs\Python\Python36-32;C:\Users\Leona\AppData\Local\Programs\Python\Python36-32\Scripts;
10 verbose lifecycle server@0.4.0~start: CWD: C:\Users\Leona\Desktop\universidade\6ºSemestre\PS\GitHub\Projecto\LI61D-LI61N-G7\electron\resources\server
11 silly lifecycle server@0.4.0~start: Args: [ '/d /s /c', 'node ./bin/www' ]
12 silly lifecycle server@0.4.0~start: Returned: code: 1  signal: null
13 info lifecycle server@0.4.0~start: Failed to exec start script
14 verbose stack Error: server@0.4.0 start: `node ./bin/www`
14 verbose stack Exit status 1
14 verbose stack     at EventEmitter.<anonymous> (C:\Program Files\nodejs\node_modules\npm\lib\utils\lifecycle.js:255:16)
14 verbose stack     at emitTwo (events.js:106:13)
14 verbose stack     at EventEmitter.emit (events.js:191:7)
14 verbose stack     at ChildProcess.<anonymous> (C:\Program Files\nodejs\node_modules\npm\lib\utils\spawn.js:40:14)
14 verbose stack     at emitTwo (events.js:106:13)
14 verbose stack     at ChildProcess.emit (events.js:191:7)
14 verbose stack     at maybeClose (internal/child_process.js:920:16)
14 verbose stack     at Process.ChildProcess._handle.onexit (internal/child_process.js:230:5)
15 verbose pkgid server@0.4.0
16 verbose cwd C:\Users\Leona\Desktop\universidade\6ºSemestre\PS\GitHub\Projecto\LI61D-LI61N-G7\electron\resources\server
17 error Windows_NT 10.0.17134
18 error argv "C:\\Program Files\\nodejs\\node.exe" "C:\\Program Files\\nodejs\\node_modules\\npm\\bin\\npm-cli.js" "start"
19 error node v6.11.3
20 error npm  v3.10.10
21 error code ELIFECYCLE
22 error server@0.4.0 start: `node ./bin/www`
22 error Exit status 1
23 error Failed at the server@0.4.0 start script 'node ./bin/www'.
23 error Make sure you have the latest version of node.js and npm installed.
23 error If you do, this is most likely a problem with the server package,
23 error not with npm itself.
23 error Tell the author that this fails on your system:
23 error     node ./bin/www
23 error You can get information on how to open an issue for this project with:
23 error     npm bugs server
23 error Or if that isn't available, you can get their info via:
23 error     npm owner ls server
23 error There is likely additional logging output above.
24 verbose exit [ 1, true ]
